C:\USERS\MICHAEL\DROPBOX\CODES\C CODE\DEGRADEDCHANNEL_TV\DEGRADEDCHANNEL_TV\DEBUG\DEGRADEDCHANNEL_TV.PCH
C:\USERS\MICHAEL\DROPBOX\CODES\C CODE\DEGRADEDCHANNEL_TV\DEGRADEDCHANNEL_TV\DEBUG\STDAFX.OBJ
C:\USERS\MICHAEL\DROPBOX\CODES\C CODE\DEGRADEDCHANNEL_TV\DEGRADEDCHANNEL_TV\DEBUG\VC110.PDB
C:\USERS\MICHAEL\DROPBOX\CODES\C CODE\DEGRADEDCHANNEL_TV\DEGRADEDCHANNEL_TV\DEBUG\DEGRADEDCHANNEL_TV.OBJ
C:\USERS\MICHAEL\DROPBOX\CODES\C CODE\DEGRADEDCHANNEL_TV\DEGRADEDCHANNEL_TV\DEBUG\LRHEAP.OBJ
C:\USERS\MICHAEL\DROPBOX\CODES\C CODE\DEGRADEDCHANNEL_TV\DEGRADEDCHANNEL_TV\DEBUG\LRLINKEDLIST.OBJ
C:\USERS\MICHAEL\DROPBOX\CODES\C CODE\DEGRADEDCHANNEL_TV\DEBUG\DEGRADEDCHANNEL_TV.ILK
C:\USERS\MICHAEL\DROPBOX\CODES\C CODE\DEGRADEDCHANNEL_TV\DEBUG\DEGRADEDCHANNEL_TV.EXE
C:\USERS\MICHAEL\DROPBOX\CODES\C CODE\DEGRADEDCHANNEL_TV\DEBUG\DEGRADEDCHANNEL_TV.PDB
C:\Users\Michael\Dropbox\Codes\C Code\DegradedChannel_TV\DegradedChannel_TV\Debug\DegradedChannel_TV.obj
C:\Users\Michael\Dropbox\Codes\C Code\DegradedChannel_TV\DegradedChannel_TV\Debug\LRHeap.obj
C:\Users\Michael\Dropbox\Codes\C Code\DegradedChannel_TV\DegradedChannel_TV\Debug\LRLinkedList.obj
C:\Users\Michael\Dropbox\Codes\C Code\DegradedChannel_TV\DegradedChannel_TV\Debug\stdafx.obj
C:\Users\Michael\Dropbox\Codes\C Code\DegradedChannel_TV\DegradedChannel_TV\Debug\cl.command.1.tlog
C:\Users\Michael\Dropbox\Codes\C Code\DegradedChannel_TV\DegradedChannel_TV\Debug\CL.read.1.tlog
C:\Users\Michael\Dropbox\Codes\C Code\DegradedChannel_TV\DegradedChannel_TV\Debug\CL.write.1.tlog
C:\Users\Michael\Dropbox\Codes\C Code\DegradedChannel_TV\DegradedChannel_TV\Debug\link-cvtres.read.1.tlog
C:\Users\Michael\Dropbox\Codes\C Code\DegradedChannel_TV\DegradedChannel_TV\Debug\link-cvtres.write.1.tlog
C:\Users\Michael\Dropbox\Codes\C Code\DegradedChannel_TV\DegradedChannel_TV\Debug\link-rc.read.1.tlog
C:\Users\Michael\Dropbox\Codes\C Code\DegradedChannel_TV\DegradedChannel_TV\Debug\link-rc.write.1.tlog
C:\Users\Michael\Dropbox\Codes\C Code\DegradedChannel_TV\DegradedChannel_TV\Debug\link.command.1.tlog
C:\Users\Michael\Dropbox\Codes\C Code\DegradedChannel_TV\DegradedChannel_TV\Debug\link.read.1.tlog
C:\Users\Michael\Dropbox\Codes\C Code\DegradedChannel_TV\DegradedChannel_TV\Debug\link.write.1.tlog
C:\Users\Michael\Dropbox\Codes\C Code\DegradedChannel_TV\DegradedChannel_TV\Debug\DegradedChannel_TV.pch
C:\Users\Michael\Dropbox\Codes\C Code\DegradedChannel_TV\DegradedChannel_TV\Debug\vc110.idb
C:\Users\Michael\Dropbox\Codes\C Code\DegradedChannel_TV\DegradedChannel_TV\Debug\vc110.pdb
C:\Users\Michael\Dropbox\Codes\C Code\DegradedChannel_TV\Debug\DegradedChannel_TV.pdb
C:\Users\Michael\Dropbox\Codes\C Code\DegradedChannel_TV\Debug\DegradedChannel_TV.exe
C:\Users\Michael\Dropbox\Codes\C Code\DegradedChannel_TV\Debug\DegradedChannel_TV.ilk
